<?xml version="1.0" encoding="UTF-8"?>
<!-- Generated by org.testng.reporters.JUnitXMLReporter -->
<testsuite ignored="1" hostname="LAPTOP-JN10RBCP" failures="1" tests="1" name="Default test(failed)" time="0.042" errors="0" timestamp="2022-10-12T11:28:54 IST">
  <testcase classname="com.crm.campaign.createcampaignTest" name="createcampaignTest" time="0.008">
    <failure type="java.lang.NullPointerException" message="Cannot invoke &amp;quot;org.openqa.selenium.WebDriver.manage()&amp;quot; because &amp;quot;driver&amp;quot; is null">
      <![CDATA[java.lang.NullPointerException: Cannot invoke "org.openqa.selenium.WebDriver.manage()" because "driver" is null
at com.crm.Generic_utility.webdriver_utility.waitforpagetoload(webdriver_utility.java:28)
at com.crm.campaign.createcampaignTest.createcampaignTest(createcampaignTest.java:63)
at java.base/java.util.ArrayList.forEach(ArrayList.java:1511)
... Removed 27 stack frames]]>
    </failure>
  </testcase> <!-- createcampaignTest -->
  <testcase classname="com.crm.campaign.createcampaignTest" name="modify" time="0.0">
    <ignored/>
  </testcase> <!-- modify -->
</testsuite> <!-- Default test(failed) -->
