<?xml version="1.0" encoding="UTF-8"?>
<!-- Generated by org.testng.reporters.JUnitXMLReporter -->
<testsuite ignored="0" hostname="LAPTOP-JN10RBCP" failures="0" tests="1" name="Test" time="2.001" errors="0" timestamp="2022-11-26T15:08:46 IST">
  <testcase classname="com.crm.Generic_utility.BaseClass" name="@BeforeClass BC" time="1.694">
    <failure type="io.github.bonigarcia.wdm.config.WebDriverManagerException" message="io.github.bonigarcia.wdm.config.WebDriverManagerException: java.net.UnknownHostException: chromedriver.storage.googleapis.com">
      <![CDATA[io.github.bonigarcia.wdm.config.WebDriverManagerException: io.github.bonigarcia.wdm.config.WebDriverManagerException: java.net.UnknownHostException: chromedriver.storage.googleapis.com
at io.github.bonigarcia.wdm.WebDriverManager.handleException(WebDriverManager.java:1140)
at io.github.bonigarcia.wdm.WebDriverManager.manage(WebDriverManager.java:933)
at io.github.bonigarcia.wdm.WebDriverManager.fallback(WebDriverManager.java:1156)
at io.github.bonigarcia.wdm.WebDriverManager.handleException(WebDriverManager.java:1137)
at io.github.bonigarcia.wdm.WebDriverManager.manage(WebDriverManager.java:933)
at io.github.bonigarcia.wdm.WebDriverManager.handleException(WebDriverManager.java:1130)
at io.github.bonigarcia.wdm.WebDriverManager.manage(WebDriverManager.java:933)
at io.github.bonigarcia.wdm.WebDriverManager.setup(WebDriverManager.java:337)
at com.crm.Generic_utility.BaseClass.BC(BaseClass.java:45)
at java.base/java.util.ArrayList.forEach(ArrayList.java:1511)
Caused by: io.github.bonigarcia.wdm.config.WebDriverManagerException: java.net.UnknownHostException: chromedriver.storage.googleapis.com
at io.github.bonigarcia.wdm.WebDriverManager.getDriversFromXml(WebDriverManager.java:1286)
at io.github.bonigarcia.wdm.managers.ChromeDriverManager.getDriverUrls(ChromeDriverManager.java:105)
at io.github.bonigarcia.wdm.WebDriverManager.createUrlHandler(WebDriverManager.java:1161)
at io.github.bonigarcia.wdm.WebDriverManager.download(WebDriverManager.java:1009)
at io.github.bonigarcia.wdm.WebDriverManager.manage(WebDriverManager.java:927)
... 33 more
Caused by: java.net.UnknownHostException: chromedriver.storage.googleapis.com
at java.base/java.net.InetAddress$CachedAddresses.get(InetAddress.java:800)
at java.base/java.net.InetAddress.getAllByName0(InetAddress.java:1507)
at java.base/java.net.InetAddress.getAllByName(InetAddress.java:1366)
at java.base/java.net.InetAddress.getAllByName(InetAddress.java:1300)
at org.apache.hc.client5.http.SystemDefaultDnsResolver.resolve(SystemDefaultDnsResolver.java:43)
at org.apache.hc.client5.http.impl.io.DefaultHttpClientConnectionOperator.connect(DefaultHttpClientConnectionOperator.java:118)
at org.apache.hc.client5.http.impl.io.PoolingHttpClientConnectionManager.connect(PoolingHttpClientConnectionManager.java:409)
at org.apache.hc.client5.http.impl.classic.InternalExecRuntime.connectEndpoint(InternalExecRuntime.java:164)
at org.apache.hc.client5.http.impl.classic.InternalExecRuntime.connectEndpoint(InternalExecRuntime.java:174)
at org.apache.hc.client5.http.impl.classic.ConnectExec.execute(ConnectExec.java:135)
at org.apache.hc.client5.http.impl.classic.ExecChainElement.execute(ExecChainElement.java:51)
at org.apache.hc.client5.http.impl.classic.ExecChainElement$1.proceed(ExecChainElement.java:57)
at org.apache.hc.client5.http.impl.classic.ProtocolExec.execute(ProtocolExec.java:172)
at org.apache.hc.client5.http.impl.classic.ExecChainElement.execute(ExecChainElement.java:51)
at org.apache.hc.client5.http.impl.classic.ExecChainElement$1.proceed(ExecChainElement.java:57)
at org.apache.hc.client5.http.impl.classic.HttpRequestRetryExec.execute(HttpRequestRetryExec.java:93)
at org.apache.hc.client5.http.impl.classic.ExecChainElement.execute(ExecChainElement.java:51)
at org.apache.hc.client5.http.impl.classic.ExecChainElement$1.proceed(ExecChainElement.java:57)
at org.apache.hc.client5.http.impl.classic.ContentCompressionExec.execute(ContentCompressionExec.java:128)
at org.apache.hc.client5.http.impl.classic.ExecChainElement.execute(ExecChainElement.java:51)
at org.apache.hc.client5.http.impl.classic.ExecChainElement$1.proceed(ExecChainElement.java:57)
at org.apache.hc.client5.http.impl.classic.RedirectExec.execute(RedirectExec.java:116)
at org.apache.hc.client5.http.impl.classic.ExecChainElement.execute(ExecChainElement.java:51)
at org.apache.hc.client5.http.impl.classic.InternalHttpClient.doExecute(InternalHttpClient.java:178)
at org.apache.hc.client5.http.impl.classic.CloseableHttpClient.execute(CloseableHttpClient.java:75)
at org.apache.hc.client5.http.impl.classic.CloseableHttpClient.execute(CloseableHttpClient.java:89)
at io.github.bonigarcia.wdm.online.HttpClient.execute(HttpClient.java:158)
at io.github.bonigarcia.wdm.WebDriverManager.getDriversFromXml(WebDriverManager.java:1271)
... 37 more
... Removed 25 stack frames]]>
    </failure>
  </testcase> <!-- @BeforeClass BC -->
  <testcase classname="com.crm.Generic_utility.BaseClass" name="@BeforeMethod BM" time="-1.669455526346E9">
    <skipped/>
  </testcase> <!-- @BeforeMethod BM -->
  <testcase classname="com.crm.Generic_utility.BaseClass" name="@AfterMethod AM" time="-1.669455526373E9">
    <skipped/>
  </testcase> <!-- @AfterMethod AM -->
  <testcase classname="com.crm.Generic_utility.BaseClass" name="@AfterClass AC" time="-1.669455526375E9">
    <skipped/>
  </testcase> <!-- @AfterClass AC -->
  <testcase classname="com.crm.organisation.createorganisationTest" name="createorganisationTest" time="0.0">
    <skipped/>
  </testcase> <!-- createorganisationTest -->
</testsuite> <!-- Test -->
