<?xml version="1.0" encoding="UTF-8"?>
<!-- Generated by org.testng.reporters.JUnitXMLReporter -->
<testsuite ignored="0" hostname="LAPTOP-JN10RBCP" failures="0" tests="1" name="Testrunner2" time="0.037" errors="0" timestamp="2022-10-07T10:11:24 IST">
  <testcase classname="com.crm.Generic_utility.BaseClass" name="@BeforeClass BC" time="-1.665117684859E9">
    <failure type="org.testng.TestNGException" message="
Can inject only one of &amp;lt;ITestContext, XmlTest&amp;gt; into a @BeforeClass annotated BC.
For more information on native dependency injection please refer to https://testng.org/doc/documentation-main.html#native-dependency-injection">
      <![CDATA[org.testng.TestNGException: 
Can inject only one of <ITestContext, XmlTest> into a @BeforeClass annotated BC.
For more information on native dependency injection please refer to https://testng.org/doc/documentation-main.html#native-dependency-injection
at java.base/java.util.ArrayList.forEach(ArrayList.java:1511)
at java.base/java.util.concurrent.FutureTask.run(FutureTask.java:264)
at java.base/java.util.concurrent.ThreadPoolExecutor.runWorker(ThreadPoolExecutor.java:1130)
at java.base/java.util.concurrent.ThreadPoolExecutor$Worker.run(ThreadPoolExecutor.java:630)
at java.base/java.lang.Thread.run(Thread.java:831)
... Removed 13 stack frames]]>
    </failure>
  </testcase> <!-- @BeforeClass BC -->
  <testcase classname="com.crm.Generic_utility.BaseClass" name="@BeforeMethod BM" time="-1.665117684868E9">
    <skipped/>
  </testcase> <!-- @BeforeMethod BM -->
  <testcase classname="com.crm.Generic_utility.BaseClass" name="@AfterMethod AM" time="-1.665117684875E9">
    <skipped/>
  </testcase> <!-- @AfterMethod AM -->
  <testcase classname="com.crm.Generic_utility.BaseClass" name="@AfterClass AC" time="-1.665117684878E9">
    <skipped/>
  </testcase> <!-- @AfterClass AC -->
  <testcase classname="com.crm.organisation.createorganisationTest" name="createorganisationTest" time="0.0">
    <skipped/>
  </testcase> <!-- createorganisationTest -->
</testsuite> <!-- Testrunner2 -->
